<?xml version="1.0" encoding="UTF-8"?>
<!-- Generated by org.testng.reporters.JUnitXMLReporter -->
<testsuite ignored="0" hostname="Negup011" failures="0" tests="2" name="ExtraServices" time="18.428" errors="0" timestamp="2026-01-29T16:54:50 IST">
  <testcase classname="cabcher.pricing.tests.Extra_ServicesTestNG" name="Extra_Services_NO" time="2.449"/>
  <testcase classname="cabcher.pricing.tests.Extra_ServicesTestNG" name="Extra_Services_YES" time="0.213"/>
</testsuite> <!-- ExtraServices -->
