<?xml version="1.0" encoding="UTF-8"?>
<!-- Generated by org.testng.reporters.JUnitXMLReporter -->
<testsuite ignored="6" hostname="Negup011" failures="1" tests="1" name="Default test" time="15.729" errors="0" timestamp="2026-02-05T12:43:33 IST">
  <testcase classname="Com.ComCast.crm.LoginTestNG.NewBooking" name="Createactivatesendwelcomeemail" time="4.828">
    <failure type="java.lang.NullPointerException" message="Cannot invoke &amp;quot;Genericlabaries.Excelutility.getDataFromExcel(String, int, int)&amp;quot; because &amp;quot;this.excel&amp;quot; is null">
      <![CDATA[java.lang.NullPointerException: Cannot invoke "Genericlabaries.Excelutility.getDataFromExcel(String, int, int)" because "this.excel" is null
at Com.ComCast.crm.LoginTestNG.NewBooking.Createactivatesendwelcomeemail(NewBooking.java:657)
at java.base/jdk.internal.reflect.DirectMethodHandleAccessor.invoke(DirectMethodHandleAccessor.java:103)
at java.base/java.lang.reflect.Method.invoke(Method.java:580)
at org.testng.internal.invokers.MethodInvocationHelper.invokeMethod(MethodInvocationHelper.java:141)
at org.testng.internal.invokers.TestInvoker.invokeMethod(TestInvoker.java:687)
at org.testng.internal.invokers.TestInvoker.invokeTestMethod(TestInvoker.java:230)
at org.testng.internal.invokers.MethodRunner.runInSequence(MethodRunner.java:63)
at org.testng.internal.invokers.TestInvoker$MethodInvocationAgent.invoke(TestInvoker.java:995)
at org.testng.internal.invokers.TestInvoker.invokeTestMethods(TestInvoker.java:203)
at org.testng.internal.invokers.TestMethodWorker.invokeTestMethods(TestMethodWorker.java:154)
at org.testng.internal.invokers.TestMethodWorker.run(TestMethodWorker.java:134)
at java.base/java.util.ArrayList.forEach(ArrayList.java:1596)
at org.testng.TestRunner.privateRun(TestRunner.java:741)
at org.testng.TestRunner.run(TestRunner.java:616)
at org.testng.SuiteRunner.runTest(SuiteRunner.java:421)
at org.testng.SuiteRunner.runSequentially(SuiteRunner.java:413)
at org.testng.SuiteRunner.privateRun(SuiteRunner.java:373)
at org.testng.SuiteRunner.run(SuiteRunner.java:312)
at org.testng.SuiteRunnerWorker.runSuite(SuiteRunnerWorker.java:52)
at org.testng.SuiteRunnerWorker.run(SuiteRunnerWorker.java:95)
at org.testng.TestNG.runSuitesSequentially(TestNG.java:1274)
at org.testng.TestNG.runSuitesLocally(TestNG.java:1208)
at org.testng.TestNG.runSuites(TestNG.java:1112)
at org.testng.TestNG.run(TestNG.java:1079)
at org.testng.remote.AbstractRemoteTestNG.run(AbstractRemoteTestNG.java:115)
at org.testng.remote.RemoteTestNG.initAndRun(RemoteTestNG.java:293)
at org.testng.remote.RemoteTestNG.main(RemoteTestNG.java:91)
]]>
    </failure>
  </testcase> <!-- Createactivatesendwelcomeemail -->
  <testcase classname="Com.ComCast.crm.LoginTestNG.NewBooking" name="Createsendactivationemail" time="0.0">
    <ignored/>
  </testcase> <!-- Createsendactivationemail -->
  <testcase classname="Com.ComCast.crm.LoginTestNG.NewBooking" name="DriverAllocation" time="0.0">
    <ignored/>
  </testcase> <!-- DriverAllocation -->
  <testcase classname="Com.ComCast.crm.LoginTestNG.NewBooking" name="BookingDashBoard" time="0.0">
    <ignored/>
  </testcase> <!-- BookingDashBoard -->
  <testcase classname="Com.ComCast.crm.LoginTestNG.NewBooking" name="NewbookingCustomerDetailsAccount" time="0.0">
    <ignored/>
  </testcase> <!-- NewbookingCustomerDetailsAccount -->
  <testcase classname="Com.ComCast.crm.LoginTestNG.NewBooking" name="Dontcreate" time="0.0">
    <ignored/>
  </testcase> <!-- Dontcreate -->
  <testcase classname="Com.ComCast.crm.LoginTestNG.NewBooking" name="Createactivatewithoutemail" time="0.0">
    <ignored/>
  </testcase> <!-- Createactivatewithoutemail -->
</testsuite> <!-- Default test -->
