<?xml version="1.0" encoding="UTF-8"?>
<!-- Generated by org.testng.reporters.JUnitXMLReporter -->
<testsuite ignored="0" hostname="Negup011" failures="5" tests="7" name="Test" time="97.425" errors="0" timestamp="2026-02-05T12:14:05 IST">
  <testcase classname="Com.ComCast.crm.LoginTestNG.NewBooking" name="Createactivatesendwelcomeemail" time="0.011">
    <failure type="java.lang.Error" message="Unresolved compilation problems: 
	Type mismatch: cannot convert from List&amp;lt;WebElement&amp;gt; to WebElement
	Type mismatch: cannot convert from List&amp;lt;WebElement&amp;gt; to WebElement
	Type mismatch: cannot convert from List&amp;lt;WebElement&amp;gt; to WebElement
	Type mismatch: cannot convert from List&amp;lt;WebElement&amp;gt; to WebElement
	Type mismatch: cannot convert from List&amp;lt;WebElement&amp;gt; to WebElement
">
      <![CDATA[java.lang.Error: Unresolved compilation problems: 
Type mismatch: cannot convert from List<WebElement> to WebElement
Type mismatch: cannot convert from List<WebElement> to WebElement
Type mismatch: cannot convert from List<WebElement> to WebElement
Type mismatch: cannot convert from List<WebElement> to WebElement
Type mismatch: cannot convert from List<WebElement> to WebElement

at Com.ComCast.crm.LoginTestNG.NewBooking.Createactivatesendwelcomeemail(NewBooking.java:646)
at java.base/java.util.ArrayList.forEach(ArrayList.java:1596)
... Removed 25 stack frames]]>
    </failure>
  </testcase> <!-- Createactivatesendwelcomeemail -->
  <testcase classname="Com.ComCast.crm.LoginTestNG.NewBooking" name="Createactivatewithoutemail" time="0.007">
    <failure type="java.lang.Error" message="Unresolved compilation problems: 
	Type mismatch: cannot convert from List&amp;lt;WebElement&amp;gt; to WebElement
	Type mismatch: cannot convert from List&amp;lt;WebElement&amp;gt; to WebElement
	Type mismatch: cannot convert from List&amp;lt;WebElement&amp;gt; to WebElement
	Type mismatch: cannot convert from List&amp;lt;WebElement&amp;gt; to WebElement
	Type mismatch: cannot convert from List&amp;lt;WebElement&amp;gt; to WebElement
">
      <![CDATA[java.lang.Error: Unresolved compilation problems: 
Type mismatch: cannot convert from List<WebElement> to WebElement
Type mismatch: cannot convert from List<WebElement> to WebElement
Type mismatch: cannot convert from List<WebElement> to WebElement
Type mismatch: cannot convert from List<WebElement> to WebElement
Type mismatch: cannot convert from List<WebElement> to WebElement

at Com.ComCast.crm.LoginTestNG.NewBooking.Createactivatewithoutemail(NewBooking.java:528)
at java.base/java.util.ArrayList.forEach(ArrayList.java:1596)
... Removed 25 stack frames]]>
    </failure>
  </testcase> <!-- Createactivatewithoutemail -->
  <testcase classname="Com.ComCast.crm.LoginTestNG.NewBooking" name="Createsendactivationemail" time="0.002">
    <failure type="java.lang.Error" message="Unresolved compilation problems: 
	Type mismatch: cannot convert from List&amp;lt;WebElement&amp;gt; to WebElement
	Type mismatch: cannot convert from List&amp;lt;WebElement&amp;gt; to WebElement
	Type mismatch: cannot convert from List&amp;lt;WebElement&amp;gt; to WebElement
	Type mismatch: cannot convert from List&amp;lt;WebElement&amp;gt; to WebElement
	Type mismatch: cannot convert from List&amp;lt;WebElement&amp;gt; to WebElement
">
      <![CDATA[java.lang.Error: Unresolved compilation problems: 
Type mismatch: cannot convert from List<WebElement> to WebElement
Type mismatch: cannot convert from List<WebElement> to WebElement
Type mismatch: cannot convert from List<WebElement> to WebElement
Type mismatch: cannot convert from List<WebElement> to WebElement
Type mismatch: cannot convert from List<WebElement> to WebElement

at Com.ComCast.crm.LoginTestNG.NewBooking.Createsendactivationemail(NewBooking.java:415)
at java.base/java.util.ArrayList.forEach(ArrayList.java:1596)
... Removed 25 stack frames]]>
    </failure>
  </testcase> <!-- Createsendactivationemail -->
  <testcase classname="Com.ComCast.crm.LoginTestNG.NewBooking" name="Dontcreate" time="0.002">
    <failure type="java.lang.Error" message="Unresolved compilation problems: 
	Type mismatch: cannot convert from List&amp;lt;WebElement&amp;gt; to WebElement
	Type mismatch: cannot convert from List&amp;lt;WebElement&amp;gt; to WebElement
	Type mismatch: cannot convert from List&amp;lt;WebElement&amp;gt; to WebElement
	Type mismatch: cannot convert from List&amp;lt;WebElement&amp;gt; to WebElement
	Type mismatch: cannot convert from List&amp;lt;WebElement&amp;gt; to WebElement
">
      <![CDATA[java.lang.Error: Unresolved compilation problems: 
Type mismatch: cannot convert from List<WebElement> to WebElement
Type mismatch: cannot convert from List<WebElement> to WebElement
Type mismatch: cannot convert from List<WebElement> to WebElement
Type mismatch: cannot convert from List<WebElement> to WebElement
Type mismatch: cannot convert from List<WebElement> to WebElement

at Com.ComCast.crm.LoginTestNG.NewBooking.Dontcreate(NewBooking.java:299)
at java.base/java.util.ArrayList.forEach(ArrayList.java:1596)
... Removed 25 stack frames]]>
    </failure>
  </testcase> <!-- Dontcreate -->
  <testcase classname="Com.ComCast.crm.LoginTestNG.NewBooking" name="NewbookingCustomerDetailsAccount" time="6.011">
    <failure type="java.lang.NullPointerException" message="Cannot invoke &amp;quot;Genericlabaries.Excelutility.getDataFromExcel(String, int, int)&amp;quot; because &amp;quot;this.excel&amp;quot; is null">
      <![CDATA[java.lang.NullPointerException: Cannot invoke "Genericlabaries.Excelutility.getDataFromExcel(String, int, int)" because "this.excel" is null
at Com.ComCast.crm.LoginTestNG.NewBooking.NewbookingCustomerDetailsAccount(NewBooking.java:167)
at java.base/java.util.ArrayList.forEach(ArrayList.java:1596)
... Removed 25 stack frames]]>
    </failure>
  </testcase> <!-- NewbookingCustomerDetailsAccount -->
  <testcase classname="Com.ComCast.crm.LoginTestNG.NewBooking" name="BookingDashBoard" time="21.996"/>
  <testcase classname="Com.ComCast.crm.LoginTestNG.NewBooking" name="DriverAllocation" time="16.207"/>
</testsuite> <!-- Test -->
