<?xml version="1.0" encoding="UTF-8"?>
<!-- Generated by org.testng.reporters.JUnitXMLReporter -->
<testsuite ignored="0" hostname="Negup011" failures="5" tests="7" name="Test" time="44.981" errors="0" timestamp="2026-01-29T16:58:42 IST">
  <testcase classname="Genericlabaries.BaseClass" name="@BeforeMethod loginSetup" time="1.907">
    <failure type="org.openqa.selenium.ElementClickInterceptedException" message="element click intercepted: Element is not clickable at point (760, 707)
  (Session info: chrome=144.0.7559.109)
Build info: version: &amp;apos;4.25.0&amp;apos;, revision: &amp;apos;8a8aea2337&amp;apos;
System info: os.name: &amp;apos;Windows 11&amp;apos;, os.arch: &amp;apos;amd64&amp;apos;, os.version: &amp;apos;10.0&amp;apos;, java.version: &amp;apos;21.0.8&amp;apos;
Driver info: org.openqa.selenium.chrome.ChromeDriver
Command: [cbbab476322d5392e8df2d227a98d7a4, clickElement {id=f.1C188F596F0AC3CC3FD3874BF81F61EC.d.F97CFC9928AE5CD0F07EB9D00A5767C1.e.530}]
Capabilities {acceptInsecureCerts: false, browserName: chrome, browserVersion: 144.0.7559.109, chrome: {chromedriverVersion: 144.0.7559.109 (6a8d5e49388..., userDataDir: C:\Users\Tester\AppData\Loc...}, fedcm:accounts: true, goog:chromeOptions: {debuggerAddress: localhost:51505}, goog:processID: 16632, networkConnectionEnabled: false, pageLoadStrategy: normal, platformName: windows, proxy: Proxy(), se:cdp: ws://localhost:51505/devtoo..., se:cdpVersion: 144.0.7559.109, setWindowRect: true, strictFileInteractability: false, timeouts: {implicit: 0, pageLoad: 300000, script: 30000}, unhandledPromptBehavior: dismiss and notify, webauthn:extension:credBlob: true, webauthn:extension:largeBlob: true, webauthn:extension:minPinLength: true, webauthn:extension:prf: true, webauthn:virtualAuthenticators: true}
Element: [[ChromeDriver: chrome on windows (cbbab476322d5392e8df2d227a98d7a4)] -&amp;gt; xpath: //input[@type=&amp;apos;submit&amp;apos;]]
Session ID: cbbab476322d5392e8df2d227a98d7a4">
      <![CDATA[org.openqa.selenium.ElementClickInterceptedException: element click intercepted: Element is not clickable at point (760, 707)
  (Session info: chrome=144.0.7559.109)
Build info: version: '4.25.0', revision: '8a8aea2337'
System info: os.name: 'Windows 11', os.arch: 'amd64', os.version: '10.0', java.version: '21.0.8'
Driver info: org.openqa.selenium.chrome.ChromeDriver
Command: [cbbab476322d5392e8df2d227a98d7a4, clickElement {id=f.1C188F596F0AC3CC3FD3874BF81F61EC.d.F97CFC9928AE5CD0F07EB9D00A5767C1.e.530}]
Capabilities {acceptInsecureCerts: false, browserName: chrome, browserVersion: 144.0.7559.109, chrome: {chromedriverVersion: 144.0.7559.109 (6a8d5e49388..., userDataDir: C:\Users\Tester\AppData\Loc...}, fedcm:accounts: true, goog:chromeOptions: {debuggerAddress: localhost:51505}, goog:processID: 16632, networkConnectionEnabled: false, pageLoadStrategy: normal, platformName: windows, proxy: Proxy(), se:cdp: ws://localhost:51505/devtoo..., se:cdpVersion: 144.0.7559.109, setWindowRect: true, strictFileInteractability: false, timeouts: {implicit: 0, pageLoad: 300000, script: 30000}, unhandledPromptBehavior: dismiss and notify, webauthn:extension:credBlob: true, webauthn:extension:largeBlob: true, webauthn:extension:minPinLength: true, webauthn:extension:prf: true, webauthn:virtualAuthenticators: true}
Element: [[ChromeDriver: chrome on windows (cbbab476322d5392e8df2d227a98d7a4)] -> xpath: //input[@type='submit']]
Session ID: cbbab476322d5392e8df2d227a98d7a4
at org.openqa.selenium.remote.ErrorCodec.decode(ErrorCodec.java:167)
at org.openqa.selenium.remote.codec.w3c.W3CHttpResponseCodec.decode(W3CHttpResponseCodec.java:138)
at org.openqa.selenium.remote.codec.w3c.W3CHttpResponseCodec.decode(W3CHttpResponseCodec.java:50)
at org.openqa.selenium.remote.HttpCommandExecutor.execute(HttpCommandExecutor.java:190)
at org.openqa.selenium.remote.service.DriverCommandExecutor.invokeExecute(DriverCommandExecutor.java:216)
at org.openqa.selenium.remote.service.DriverCommandExecutor.execute(DriverCommandExecutor.java:174)
at org.openqa.selenium.remote.RemoteWebDriver.execute(RemoteWebDriver.java:545)
at org.openqa.selenium.remote.RemoteWebElement.execute(RemoteWebElement.java:223)
at org.openqa.selenium.remote.RemoteWebElement.click(RemoteWebElement.java:76)
at org.openqa.selenium.support.pagefactory.internal.LocatingElementHandler.invoke(LocatingElementHandler.java:51)
at jdk.proxy2/jdk.proxy2.$Proxy16.click(Unknown Source)
at Genericlabaries.BaseClass.loginSetup(BaseClass.java:68)
at java.base/java.util.ArrayList.forEach(ArrayList.java:1596)
... Removed 34 stack frames]]>
    </failure>
  </testcase> <!-- @BeforeMethod loginSetup -->
  <testcase classname="Genericlabaries.BaseClass" name="@AfterMethod logout" time="0.0">
    <skipped/>
  </testcase> <!-- @AfterMethod logout -->
  <testcase classname="Genericlabaries.BaseClass" name="@BeforeMethod loginSetup" time="0.0">
    <skipped/>
  </testcase> <!-- @BeforeMethod loginSetup -->
  <testcase classname="Genericlabaries.BaseClass" name="@AfterMethod logout" time="0.0">
    <skipped/>
  </testcase> <!-- @AfterMethod logout -->
  <testcase classname="Genericlabaries.BaseClass" name="@AfterClass closeBrowser" time="0.0">
    <skipped/>
  </testcase> <!-- @AfterClass closeBrowser -->
  <testcase classname="Com.ComCast.crm.LoginTestNG.NewBooking" name="Createactivatesendwelcomeemail" time="0.01">
    <failure type="java.lang.Error" message="Unresolved compilation problems: 
	Type mismatch: cannot convert from List&amp;lt;WebElement&amp;gt; to WebElement
	Type mismatch: cannot convert from List&amp;lt;WebElement&amp;gt; to WebElement
	Type mismatch: cannot convert from List&amp;lt;WebElement&amp;gt; to WebElement
	Type mismatch: cannot convert from List&amp;lt;WebElement&amp;gt; to WebElement
	Type mismatch: cannot convert from List&amp;lt;WebElement&amp;gt; to WebElement
">
      <![CDATA[java.lang.Error: Unresolved compilation problems: 
Type mismatch: cannot convert from List<WebElement> to WebElement
Type mismatch: cannot convert from List<WebElement> to WebElement
Type mismatch: cannot convert from List<WebElement> to WebElement
Type mismatch: cannot convert from List<WebElement> to WebElement
Type mismatch: cannot convert from List<WebElement> to WebElement

at Com.ComCast.crm.LoginTestNG.NewBooking.Createactivatesendwelcomeemail(NewBooking.java:646)
at java.base/java.util.ArrayList.forEach(ArrayList.java:1596)
... Removed 25 stack frames]]>
    </failure>
  </testcase> <!-- Createactivatesendwelcomeemail -->
  <testcase classname="Com.ComCast.crm.LoginTestNG.NewBooking" name="Createactivatewithoutemail" time="0.002">
    <failure type="java.lang.Error" message="Unresolved compilation problems: 
	Type mismatch: cannot convert from List&amp;lt;WebElement&amp;gt; to WebElement
	Type mismatch: cannot convert from List&amp;lt;WebElement&amp;gt; to WebElement
	Type mismatch: cannot convert from List&amp;lt;WebElement&amp;gt; to WebElement
	Type mismatch: cannot convert from List&amp;lt;WebElement&amp;gt; to WebElement
	Type mismatch: cannot convert from List&amp;lt;WebElement&amp;gt; to WebElement
">
      <![CDATA[java.lang.Error: Unresolved compilation problems: 
Type mismatch: cannot convert from List<WebElement> to WebElement
Type mismatch: cannot convert from List<WebElement> to WebElement
Type mismatch: cannot convert from List<WebElement> to WebElement
Type mismatch: cannot convert from List<WebElement> to WebElement
Type mismatch: cannot convert from List<WebElement> to WebElement

at Com.ComCast.crm.LoginTestNG.NewBooking.Createactivatewithoutemail(NewBooking.java:528)
at java.base/java.util.ArrayList.forEach(ArrayList.java:1596)
... Removed 25 stack frames]]>
    </failure>
  </testcase> <!-- Createactivatewithoutemail -->
  <testcase classname="Com.ComCast.crm.LoginTestNG.NewBooking" name="Createsendactivationemail" time="0.001">
    <failure type="java.lang.Error" message="Unresolved compilation problems: 
	Type mismatch: cannot convert from List&amp;lt;WebElement&amp;gt; to WebElement
	Type mismatch: cannot convert from List&amp;lt;WebElement&amp;gt; to WebElement
	Type mismatch: cannot convert from List&amp;lt;WebElement&amp;gt; to WebElement
	Type mismatch: cannot convert from List&amp;lt;WebElement&amp;gt; to WebElement
	Type mismatch: cannot convert from List&amp;lt;WebElement&amp;gt; to WebElement
">
      <![CDATA[java.lang.Error: Unresolved compilation problems: 
Type mismatch: cannot convert from List<WebElement> to WebElement
Type mismatch: cannot convert from List<WebElement> to WebElement
Type mismatch: cannot convert from List<WebElement> to WebElement
Type mismatch: cannot convert from List<WebElement> to WebElement
Type mismatch: cannot convert from List<WebElement> to WebElement

at Com.ComCast.crm.LoginTestNG.NewBooking.Createsendactivationemail(NewBooking.java:415)
at java.base/java.util.ArrayList.forEach(ArrayList.java:1596)
... Removed 25 stack frames]]>
    </failure>
  </testcase> <!-- Createsendactivationemail -->
  <testcase classname="Com.ComCast.crm.LoginTestNG.NewBooking" name="Dontcreate" time="0.001">
    <failure type="java.lang.Error" message="Unresolved compilation problems: 
	Type mismatch: cannot convert from List&amp;lt;WebElement&amp;gt; to WebElement
	Type mismatch: cannot convert from List&amp;lt;WebElement&amp;gt; to WebElement
	Type mismatch: cannot convert from List&amp;lt;WebElement&amp;gt; to WebElement
	Type mismatch: cannot convert from List&amp;lt;WebElement&amp;gt; to WebElement
	Type mismatch: cannot convert from List&amp;lt;WebElement&amp;gt; to WebElement
">
      <![CDATA[java.lang.Error: Unresolved compilation problems: 
Type mismatch: cannot convert from List<WebElement> to WebElement
Type mismatch: cannot convert from List<WebElement> to WebElement
Type mismatch: cannot convert from List<WebElement> to WebElement
Type mismatch: cannot convert from List<WebElement> to WebElement
Type mismatch: cannot convert from List<WebElement> to WebElement

at Com.ComCast.crm.LoginTestNG.NewBooking.Dontcreate(NewBooking.java:299)
at java.base/java.util.ArrayList.forEach(ArrayList.java:1596)
... Removed 25 stack frames]]>
    </failure>
  </testcase> <!-- Dontcreate -->
  <testcase classname="Com.ComCast.crm.LoginTestNG.NewBooking" name="NewbookingCustomerDetailsAccount" time="4.344">
    <failure type="java.lang.NullPointerException" message="Cannot invoke &amp;quot;Genericlabaries.Excelutility.getDataFromExcel(String, int, int)&amp;quot; because &amp;quot;this.excel&amp;quot; is null">
      <![CDATA[java.lang.NullPointerException: Cannot invoke "Genericlabaries.Excelutility.getDataFromExcel(String, int, int)" because "this.excel" is null
at Com.ComCast.crm.LoginTestNG.NewBooking.NewbookingCustomerDetailsAccount(NewBooking.java:167)
at java.base/java.util.ArrayList.forEach(ArrayList.java:1596)
... Removed 25 stack frames]]>
    </failure>
  </testcase> <!-- NewbookingCustomerDetailsAccount -->
  <testcase classname="Com.ComCast.crm.LoginTestNG.NewBooking" name="BookingDashBoard" time="0.0">
    <skipped/>
  </testcase> <!-- BookingDashBoard -->
  <testcase classname="Com.ComCast.crm.LoginTestNG.NewBooking" name="DriverAllocation" time="0.0">
    <skipped/>
  </testcase> <!-- DriverAllocation -->
</testsuite> <!-- Test -->
