<?xml version="1.0" encoding="UTF-8"?>
<!-- Generated by org.testng.reporters.JUnitReportReporter -->
<testsuite hostname="Negup011" failures="0" tests="3" name="Com.ComCast.crm.LoginTestNG.Testinggroup" time="0.013" errors="0" timestamp="2025-10-01T15:20:43 IST" skipped="0">
  <testcase classname="Com.ComCast.crm.LoginTestNG.Testinggroup" name="login2" time="0.002"/>
  <testcase classname="Com.ComCast.crm.LoginTestNG.Testinggroup" name="login3" time="0.003"/>
  <testcase classname="Com.ComCast.crm.LoginTestNG.Testinggroup" name="login" time="0.008"/>
</testsuite> <!-- Com.ComCast.crm.LoginTestNG.Testinggroup -->
