<?xml version="1.0" encoding="UTF-8"?>
<testng-results ignored="6" total="7" passed="0" failed="1" skipped="0">
  <reporter-output>
  </reporter-output>
  <suite started-at="2026-02-05T12:43:18 IST" name="Default suite" finished-at="2026-02-05T12:43:33 IST" duration-ms="15729">
    <groups>
    </groups>
    <test started-at="2026-02-05T12:43:18 IST" name="Default test" finished-at="2026-02-05T12:43:33 IST" duration-ms="15729">
      <class name="Com.ComCast.crm.LoginTestNG.NewBooking">
        <test-method is-config="true" signature="browserSetup()[pri:0, instance:Com.ComCast.crm.LoginTestNG.NewBooking@3d34d211]" started-at="2026-02-05T12:43:18 IST" name="browserSetup" finished-at="2026-02-05T12:43:19 IST" duration-ms="1256" status="PASS">
          <reporter-output>
          </reporter-output>
        </test-method> <!-- browserSetup -->
        <test-method is-config="true" signature="loginSetup()[pri:0, instance:Com.ComCast.crm.LoginTestNG.NewBooking@3d34d211]" started-at="2026-02-05T12:43:19 IST" name="loginSetup" finished-at="2026-02-05T12:43:23 IST" duration-ms="4264" status="PASS">
          <reporter-output>
          </reporter-output>
        </test-method> <!-- loginSetup -->
        <test-method signature="Createactivatesendwelcomeemail()[pri:0, instance:Com.ComCast.crm.LoginTestNG.NewBooking@3d34d211]" started-at="2026-02-05T12:43:23 IST" name="Createactivatesendwelcomeemail" finished-at="2026-02-05T12:43:28 IST" duration-ms="4828" status="FAIL">
          <exception class="java.lang.NullPointerException">
            <message>
              <![CDATA[Cannot invoke "Genericlabaries.Excelutility.getDataFromExcel(String, int, int)" because "this.excel" is null]]>
            </message>
            <full-stacktrace>
              <![CDATA[java.lang.NullPointerException: Cannot invoke "Genericlabaries.Excelutility.getDataFromExcel(String, int, int)" because "this.excel" is null
at Com.ComCast.crm.LoginTestNG.NewBooking.Createactivatesendwelcomeemail(NewBooking.java:657)
at java.base/jdk.internal.reflect.DirectMethodHandleAccessor.invoke(DirectMethodHandleAccessor.java:103)
at java.base/java.lang.reflect.Method.invoke(Method.java:580)
at org.testng.internal.invokers.MethodInvocationHelper.invokeMethod(MethodInvocationHelper.java:141)
at org.testng.internal.invokers.TestInvoker.invokeMethod(TestInvoker.java:687)
at org.testng.internal.invokers.TestInvoker.invokeTestMethod(TestInvoker.java:230)
at org.testng.internal.invokers.MethodRunner.runInSequence(MethodRunner.java:63)
at org.testng.internal.invokers.TestInvoker$MethodInvocationAgent.invoke(TestInvoker.java:995)
at org.testng.internal.invokers.TestInvoker.invokeTestMethods(TestInvoker.java:203)
at org.testng.internal.invokers.TestMethodWorker.invokeTestMethods(TestMethodWorker.java:154)
at org.testng.internal.invokers.TestMethodWorker.run(TestMethodWorker.java:134)
at java.base/java.util.ArrayList.forEach(ArrayList.java:1596)
at org.testng.TestRunner.privateRun(TestRunner.java:741)
at org.testng.TestRunner.run(TestRunner.java:616)
at org.testng.SuiteRunner.runTest(SuiteRunner.java:421)
at org.testng.SuiteRunner.runSequentially(SuiteRunner.java:413)
at org.testng.SuiteRunner.privateRun(SuiteRunner.java:373)
at org.testng.SuiteRunner.run(SuiteRunner.java:312)
at org.testng.SuiteRunnerWorker.runSuite(SuiteRunnerWorker.java:52)
at org.testng.SuiteRunnerWorker.run(SuiteRunnerWorker.java:95)
at org.testng.TestNG.runSuitesSequentially(TestNG.java:1274)
at org.testng.TestNG.runSuitesLocally(TestNG.java:1208)
at org.testng.TestNG.runSuites(TestNG.java:1112)
at org.testng.TestNG.run(TestNG.java:1079)
at org.testng.remote.AbstractRemoteTestNG.run(AbstractRemoteTestNG.java:115)
at org.testng.remote.RemoteTestNG.initAndRun(RemoteTestNG.java:293)
at org.testng.remote.RemoteTestNG.main(RemoteTestNG.java:91)
]]>
            </full-stacktrace>
          </exception> <!-- java.lang.NullPointerException -->
          <reporter-output>
          </reporter-output>
        </test-method> <!-- Createactivatesendwelcomeemail -->
        <test-method is-config="true" signature="logout()[pri:0, instance:Com.ComCast.crm.LoginTestNG.NewBooking@3d34d211]" started-at="2026-02-05T12:43:28 IST" name="logout" finished-at="2026-02-05T12:43:32 IST" duration-ms="4107" status="PASS">
          <reporter-output>
          </reporter-output>
        </test-method> <!-- logout -->
        <test-method is-config="true" signature="closeBrowser()[pri:0, instance:Com.ComCast.crm.LoginTestNG.NewBooking@3d34d211]" started-at="2026-02-05T12:43:32 IST" name="closeBrowser" finished-at="2026-02-05T12:43:33 IST" duration-ms="991" status="PASS">
          <reporter-output>
          </reporter-output>
        </test-method> <!-- closeBrowser -->
      </class> <!-- Com.ComCast.crm.LoginTestNG.NewBooking -->
    </test> <!-- Default test -->
  </suite> <!-- Default suite -->
</testng-results>
