<?xml version="1.0" encoding="UTF-8"?>
<!-- Generated by org.testng.reporters.JUnitReportReporter -->
<testsuite hostname="Negup011" failures="0" tests="2" name="cabcher.pricing.tests.Extra_ServicesTestNG" time="17.133" errors="0" timestamp="2026-01-29T16:54:50 IST" skipped="0">
  <testcase classname="cabcher.pricing.tests.Extra_ServicesTestNG" name="Extra_Services_NO" time="10.568"/>
  <testcase classname="cabcher.pricing.tests.Extra_ServicesTestNG" name="Extra_Services_YES" time="6.565"/>
</testsuite> <!-- cabcher.pricing.tests.Extra_ServicesTestNG -->
