<?xml version="1.0" encoding="UTF-8"?>
<!-- Generated by org.testng.reporters.JUnitReportReporter -->
<testsuite hostname="Negup011" failures="0" tests="1" name="Com.ComCast.crm.LoginTestNG.Customer_Register$Customer_Register_Mutiple" time="56.928" errors="0" timestamp="2026-01-13T11:16:34 IST" skipped="0">
  <testcase classname="Com.ComCast.crm.LoginTestNG.Customer_Register$Customer_Register_Mutiple" name="Daily_Surcharges_NO" time="56.928"/>
</testsuite> <!-- Com.ComCast.crm.LoginTestNG.Customer_Register$Customer_Register_Mutiple -->
