<?xml version="1.0" encoding="UTF-8"?>
<testng-results ignored="0" total="1" passed="0" failed="1" skipped="0">
  <reporter-output>
  </reporter-output>
  <suite started-at="2025-12-23T16:02:45 IST" name="Default suite" finished-at="2025-12-23T16:03:00 IST" duration-ms="14328">
    <groups>
    </groups>
    <test started-at="2025-12-23T16:02:45 IST" name="Default test" finished-at="2025-12-23T16:03:00 IST" duration-ms="14328">
      <class name="Com.ComCast.crm.LoginTestNG.PricingTestNg">
        <test-method is-config="true" signature="browserSetup()[pri:0, instance:Com.ComCast.crm.LoginTestNG.PricingTestNg@37ceb1df]" started-at="2025-12-23T16:02:45 IST" name="browserSetup" finished-at="2025-12-23T16:02:49 IST" duration-ms="3375" status="PASS">
          <reporter-output>
          </reporter-output>
        </test-method> <!-- browserSetup -->
        <test-method is-config="true" signature="loginSetup()[pri:0, instance:Com.ComCast.crm.LoginTestNG.PricingTestNg@37ceb1df]" started-at="2025-12-23T16:02:49 IST" name="loginSetup" finished-at="2025-12-23T16:02:55 IST" duration-ms="6069" status="PASS">
          <reporter-output>
          </reporter-output>
        </test-method> <!-- loginSetup -->
        <test-method signature="login()[pri:0, instance:Com.ComCast.crm.LoginTestNG.PricingTestNg@37ceb1df]" started-at="2025-12-23T16:02:55 IST" name="login" finished-at="2025-12-23T16:02:57 IST" duration-ms="2340" status="FAIL">
          <exception class="java.lang.AssertionError">
            <message>
              <![CDATA[expected [ScreenShot] but found [false]]]>
            </message>
            <full-stacktrace>
              <![CDATA[java.lang.AssertionError: expected [ScreenShot] but found [false]
at org.testng.Assert.fail(Assert.java:111)
at org.testng.Assert.failNotEquals(Assert.java:1590)
at org.testng.Assert.assertEqualsImpl(Assert.java:150)
at org.testng.Assert.assertEquals(Assert.java:132)
at org.testng.Assert.assertEquals(Assert.java:644)
at Com.ComCast.crm.LoginTestNG.PricingTestNg.login(PricingTestNg.java:37)
at java.base/jdk.internal.reflect.DirectMethodHandleAccessor.invoke(DirectMethodHandleAccessor.java:103)
at java.base/java.lang.reflect.Method.invoke(Method.java:580)
at org.testng.internal.invokers.MethodInvocationHelper.invokeMethod(MethodInvocationHelper.java:141)
at org.testng.internal.invokers.TestInvoker.invokeMethod(TestInvoker.java:687)
at org.testng.internal.invokers.TestInvoker.invokeTestMethod(TestInvoker.java:230)
at org.testng.internal.invokers.MethodRunner.runInSequence(MethodRunner.java:63)
at org.testng.internal.invokers.TestInvoker$MethodInvocationAgent.invoke(TestInvoker.java:995)
at org.testng.internal.invokers.TestInvoker.invokeTestMethods(TestInvoker.java:203)
at org.testng.internal.invokers.TestMethodWorker.invokeTestMethods(TestMethodWorker.java:154)
at org.testng.internal.invokers.TestMethodWorker.run(TestMethodWorker.java:134)
at java.base/java.util.ArrayList.forEach(ArrayList.java:1596)
at org.testng.TestRunner.privateRun(TestRunner.java:741)
at org.testng.TestRunner.run(TestRunner.java:616)
at org.testng.SuiteRunner.runTest(SuiteRunner.java:421)
at org.testng.SuiteRunner.runSequentially(SuiteRunner.java:413)
at org.testng.SuiteRunner.privateRun(SuiteRunner.java:373)
at org.testng.SuiteRunner.run(SuiteRunner.java:312)
at org.testng.SuiteRunnerWorker.runSuite(SuiteRunnerWorker.java:52)
at org.testng.SuiteRunnerWorker.run(SuiteRunnerWorker.java:95)
at org.testng.TestNG.runSuitesSequentially(TestNG.java:1274)
at org.testng.TestNG.runSuitesLocally(TestNG.java:1208)
at org.testng.TestNG.runSuites(TestNG.java:1112)
at org.testng.TestNG.run(TestNG.java:1079)
at org.testng.remote.AbstractRemoteTestNG.run(AbstractRemoteTestNG.java:115)
at org.testng.remote.RemoteTestNG.initAndRun(RemoteTestNG.java:293)
at org.testng.remote.RemoteTestNG.main(RemoteTestNG.java:91)
]]>
            </full-stacktrace>
          </exception> <!-- java.lang.AssertionError -->
          <reporter-output>
          </reporter-output>
        </test-method> <!-- login -->
        <test-method is-config="true" signature="logout()[pri:0, instance:Com.ComCast.crm.LoginTestNG.PricingTestNg@37ceb1df]" started-at="2025-12-23T16:02:57 IST" name="logout" finished-at="2025-12-23T16:02:59 IST" duration-ms="2037" status="PASS">
          <reporter-output>
          </reporter-output>
        </test-method> <!-- logout -->
        <test-method is-config="true" signature="closeBrowser()[pri:0, instance:Com.ComCast.crm.LoginTestNG.PricingTestNg@37ceb1df]" started-at="2025-12-23T16:02:59 IST" name="closeBrowser" finished-at="2025-12-23T16:03:00 IST" duration-ms="179" status="PASS">
          <reporter-output>
          </reporter-output>
        </test-method> <!-- closeBrowser -->
      </class> <!-- Com.ComCast.crm.LoginTestNG.PricingTestNg -->
    </test> <!-- Default test -->
  </suite> <!-- Default suite -->
</testng-results>
